  [1m[36mActiveRecord::SchemaMigration Load (0.3ms)[0m  [1mSELECT `schema_migrations`.* FROM `schema_migrations`[0m
Migrating to DeviseCreateUsers (20140513052038)
  [1m[35m (0.7ms)[0m  CREATE TABLE `users` (`id` int(11) DEFAULT NULL auto_increment PRIMARY KEY, `email` varchar(255) DEFAULT '' NOT NULL, `encrypted_password` varchar(255) DEFAULT '' NOT NULL, `reset_password_token` varchar(255), `reset_password_sent_at` datetime, `remember_created_at` datetime, `sign_in_count` int(11) DEFAULT 0 NOT NULL, `current_sign_in_at` datetime, `last_sign_in_at` datetime, `current_sign_in_ip` varchar(255), `last_sign_in_ip` varchar(255), `created_at` datetime, `updated_at` datetime) ENGINE=InnoDB
Mysql2::Error: Table 'users' already exists: CREATE TABLE `users` (`id` int(11) DEFAULT NULL auto_increment PRIMARY KEY, `email` varchar(255) DEFAULT '' NOT NULL, `encrypted_password` varchar(255) DEFAULT '' NOT NULL, `reset_password_token` varchar(255), `reset_password_sent_at` datetime, `remember_created_at` datetime, `sign_in_count` int(11) DEFAULT 0 NOT NULL, `current_sign_in_at` datetime, `last_sign_in_at` datetime, `current_sign_in_ip` varchar(255), `last_sign_in_ip` varchar(255), `created_at` datetime, `updated_at` datetime) ENGINE=InnoDB
  [1m[36m (109.3ms)[0m  [1mCREATE TABLE `schema_migrations` (`version` varchar(255) NOT NULL) ENGINE=InnoDB[0m
  [1m[35m (155.4ms)[0m  CREATE UNIQUE INDEX `unique_schema_migrations` ON `schema_migrations` (`version`) 
  [1m[36mActiveRecord::SchemaMigration Load (0.3ms)[0m  [1mSELECT `schema_migrations`.* FROM `schema_migrations`[0m
Migrating to DeviseCreateUsers (20140513052038)
  [1m[35m (66.4ms)[0m  CREATE TABLE `users` (`id` int(11) DEFAULT NULL auto_increment PRIMARY KEY, `email` varchar(255) DEFAULT '' NOT NULL, `encrypted_password` varchar(255) DEFAULT '' NOT NULL, `reset_password_token` varchar(255), `reset_password_sent_at` datetime, `remember_created_at` datetime, `sign_in_count` int(11) DEFAULT 0 NOT NULL, `current_sign_in_at` datetime, `last_sign_in_at` datetime, `current_sign_in_ip` varchar(255), `last_sign_in_ip` varchar(255), `created_at` datetime, `updated_at` datetime) ENGINE=InnoDB
  [1m[36m (129.6ms)[0m  [1mCREATE UNIQUE INDEX `index_users_on_email` ON `users` (`email`) [0m
  [1m[35m (290.0ms)[0m  CREATE UNIQUE INDEX `index_users_on_reset_password_token` ON `users` (`reset_password_token`) 
  [1m[36m (0.2ms)[0m  [1mBEGIN[0m
  [1m[35mSQL (0.5ms)[0m  INSERT INTO `schema_migrations` (`version`) VALUES ('20140513052038')
  [1m[36m (35.7ms)[0m  [1mCOMMIT[0m
  [1m[35mActiveRecord::SchemaMigration Load (0.4ms)[0m  SELECT `schema_migrations`.* FROM `schema_migrations`


Started GET "/" for 127.0.0.1 at 2014-05-13 11:14:47 +0530
  [1m[36mActiveRecord::SchemaMigration Load (0.4ms)[0m  [1mSELECT `schema_migrations`.* FROM `schema_migrations`[0m
Processing by Rails::WelcomeController#index as HTML
  Rendered /home/bigc/.gem/ruby/2.0.0/gems/railties-4.0.4/lib/rails/templates/rails/welcome/index.html.erb (1.1ms)
Completed 200 OK in 19ms (Views: 4.9ms | ActiveRecord: 0.0ms)


Started GET "/users/sign_in" for 127.0.0.1 at 2014-05-13 11:14:53 +0530
Processing by Devise::SessionsController#new as HTML
  Rendered /home/bigc/.gem/ruby/2.0.0/gems/devise-3.2.4/app/views/devise/shared/_links.erb (3.2ms)
  Rendered /home/bigc/.gem/ruby/2.0.0/gems/devise-3.2.4/app/views/devise/sessions/new.html.erb within layouts/application (115.2ms)
Completed 200 OK in 209ms (Views: 175.4ms | ActiveRecord: 1.6ms)


Started GET "/assets/application.css?body=1" for 127.0.0.1 at 2014-05-13 11:14:53 +0530


Started GET "/assets/application.js?body=1" for 127.0.0.1 at 2014-05-13 11:14:53 +0530


Started GET "/users/sign_out" for 127.0.0.1 at 2014-05-13 11:29:52 +0530
  [1m[36mActiveRecord::SchemaMigration Load (0.2ms)[0m  [1mSELECT `schema_migrations`.* FROM `schema_migrations`[0m

ActionController::RoutingError (No route matches [GET] "/users/sign_out"):
  actionpack (4.0.4) lib/action_dispatch/middleware/debug_exceptions.rb:21:in `call'
  actionpack (4.0.4) lib/action_dispatch/middleware/show_exceptions.rb:30:in `call'
  railties (4.0.4) lib/rails/rack/logger.rb:38:in `call_app'
  railties (4.0.4) lib/rails/rack/logger.rb:20:in `block in call'
  activesupport (4.0.4) lib/active_support/tagged_logging.rb:68:in `block in tagged'
  activesupport (4.0.4) lib/active_support/tagged_logging.rb:26:in `tagged'
  activesupport (4.0.4) lib/active_support/tagged_logging.rb:68:in `tagged'
  railties (4.0.4) lib/rails/rack/logger.rb:20:in `call'
  actionpack (4.0.4) lib/action_dispatch/middleware/request_id.rb:21:in `call'
  rack (1.5.2) lib/rack/methodoverride.rb:21:in `call'
  rack (1.5.2) lib/rack/runtime.rb:17:in `call'
  activesupport (4.0.4) lib/active_support/cache/strategy/local_cache.rb:83:in `call'
  rack (1.5.2) lib/rack/lock.rb:17:in `call'
  actionpack (4.0.4) lib/action_dispatch/middleware/static.rb:64:in `call'
  rack (1.5.2) lib/rack/sendfile.rb:112:in `call'
  railties (4.0.4) lib/rails/engine.rb:511:in `call'
  railties (4.0.4) lib/rails/application.rb:97:in `call'
  rack (1.5.2) lib/rack/lock.rb:17:in `call'
  rack (1.5.2) lib/rack/content_length.rb:14:in `call'
  rack (1.5.2) lib/rack/handler/webrick.rb:60:in `service'
  /home/bigc/.rubies/ruby-2.0.0-p353/lib/ruby/2.0.0/webrick/httpserver.rb:138:in `service'
  /home/bigc/.rubies/ruby-2.0.0-p353/lib/ruby/2.0.0/webrick/httpserver.rb:94:in `run'
  /home/bigc/.rubies/ruby-2.0.0-p353/lib/ruby/2.0.0/webrick/server.rb:295:in `block in start_thread'


  Rendered /home/bigc/.gem/ruby/2.0.0/gems/actionpack-4.0.4/lib/action_dispatch/middleware/templates/rescues/_trace.erb (0.8ms)
  Rendered /home/bigc/.gem/ruby/2.0.0/gems/actionpack-4.0.4/lib/action_dispatch/middleware/templates/routes/_route.html.erb (1.3ms)
  Rendered /home/bigc/.gem/ruby/2.0.0/gems/actionpack-4.0.4/lib/action_dispatch/middleware/templates/routes/_table.html.erb (6.7ms)
  Rendered /home/bigc/.gem/ruby/2.0.0/gems/actionpack-4.0.4/lib/action_dispatch/middleware/templates/rescues/routing_error.erb within rescues/layout (23.3ms)


Started GET "/users/sign_up" for 127.0.0.1 at 2014-05-13 11:29:57 +0530
Processing by Devise::RegistrationsController#new as HTML
  Rendered /home/bigc/.gem/ruby/2.0.0/gems/devise-3.2.4/app/views/devise/shared/_links.erb (1.1ms)
  Rendered /home/bigc/.gem/ruby/2.0.0/gems/devise-3.2.4/app/views/devise/registrations/new.html.erb within layouts/application (48.5ms)
Completed 200 OK in 99ms (Views: 75.8ms | ActiveRecord: 1.7ms)


Started GET "/users/sign_in" for 127.0.0.1 at 2014-05-13 11:29:59 +0530
Processing by Devise::SessionsController#new as HTML
  Rendered /home/bigc/.gem/ruby/2.0.0/gems/devise-3.2.4/app/views/devise/shared/_links.erb (0.5ms)
  Rendered /home/bigc/.gem/ruby/2.0.0/gems/devise-3.2.4/app/views/devise/sessions/new.html.erb within layouts/application (4.5ms)
Completed 200 OK in 9ms (Views: 7.0ms | ActiveRecord: 0.0ms)


Started GET "/users/password/new" for 127.0.0.1 at 2014-05-13 11:30:00 +0530
Processing by Devise::PasswordsController#new as HTML
  Rendered /home/bigc/.gem/ruby/2.0.0/gems/devise-3.2.4/app/views/devise/shared/_links.erb (0.7ms)
  Rendered /home/bigc/.gem/ruby/2.0.0/gems/devise-3.2.4/app/views/devise/passwords/new.html.erb within layouts/application (6.0ms)
Completed 200 OK in 37ms (Views: 34.9ms | ActiveRecord: 0.0ms)


Started GET "/users/sign_up" for 127.0.0.1 at 2014-05-13 11:30:04 +0530
Processing by Devise::RegistrationsController#new as HTML
  Rendered /home/bigc/.gem/ruby/2.0.0/gems/devise-3.2.4/app/views/devise/shared/_links.erb (0.5ms)
  Rendered /home/bigc/.gem/ruby/2.0.0/gems/devise-3.2.4/app/views/devise/registrations/new.html.erb within layouts/application (5.0ms)
Completed 200 OK in 9ms (Views: 8.0ms | ActiveRecord: 0.0ms)


Started GET "/users/sign_in" for 127.0.0.1 at 2014-05-13 11:30:05 +0530
Processing by Devise::SessionsController#new as HTML
  Rendered /home/bigc/.gem/ruby/2.0.0/gems/devise-3.2.4/app/views/devise/shared/_links.erb (0.3ms)
  Rendered /home/bigc/.gem/ruby/2.0.0/gems/devise-3.2.4/app/views/devise/sessions/new.html.erb within layouts/application (2.2ms)
Completed 200 OK in 5ms (Views: 4.4ms | ActiveRecord: 0.0ms)


Started GET "/users/sign_up" for 127.0.0.1 at 2014-05-13 11:30:06 +0530
Processing by Devise::RegistrationsController#new as HTML
  Rendered /home/bigc/.gem/ruby/2.0.0/gems/devise-3.2.4/app/views/devise/shared/_links.erb (0.2ms)
  Rendered /home/bigc/.gem/ruby/2.0.0/gems/devise-3.2.4/app/views/devise/registrations/new.html.erb within layouts/application (2.1ms)
Completed 200 OK in 5ms (Views: 4.2ms | ActiveRecord: 0.0ms)


Started GET "/users/sign_in" for 127.0.0.1 at 2014-05-13 11:30:07 +0530
Processing by Devise::SessionsController#new as HTML
  Rendered /home/bigc/.gem/ruby/2.0.0/gems/devise-3.2.4/app/views/devise/shared/_links.erb (0.9ms)
  Rendered /home/bigc/.gem/ruby/2.0.0/gems/devise-3.2.4/app/views/devise/sessions/new.html.erb within layouts/application (7.9ms)
Completed 200 OK in 16ms (Views: 14.3ms | ActiveRecord: 0.0ms)


Started GET "/users/password/new" for 127.0.0.1 at 2014-05-13 11:30:08 +0530
Processing by Devise::PasswordsController#new as HTML
  Rendered /home/bigc/.gem/ruby/2.0.0/gems/devise-3.2.4/app/views/devise/shared/_links.erb (0.7ms)
  Rendered /home/bigc/.gem/ruby/2.0.0/gems/devise-3.2.4/app/views/devise/passwords/new.html.erb within layouts/application (4.4ms)
Completed 200 OK in 11ms (Views: 10.1ms | ActiveRecord: 0.0ms)


Started POST "/users/password" for 127.0.0.1 at 2014-05-13 11:30:14 +0530
Processing by Devise::PasswordsController#create as HTML
  Parameters: {"utf8"=>"✓", "authenticity_token"=>"QHk6add0a8Fy4ITNTF8W43CAeQx4pgKbUiLYLNQzrZU=", "user"=>{"email"=>"abhi@gmail.com"}, "commit"=>"Send me reset password instructions"}
  [1m[35mUser Load (0.5ms)[0m  SELECT `users`.* FROM `users` WHERE `users`.`email` = 'abhi@gmail.com' ORDER BY `users`.`id` ASC LIMIT 1
  Rendered /home/bigc/.gem/ruby/2.0.0/gems/devise-3.2.4/app/views/devise/shared/_links.erb (0.3ms)
  Rendered /home/bigc/.gem/ruby/2.0.0/gems/devise-3.2.4/app/views/devise/passwords/new.html.erb within layouts/application (20.3ms)
Completed 200 OK in 83ms (Views: 25.1ms | ActiveRecord: 0.5ms)


Started GET "/users/sign_up" for 127.0.0.1 at 2014-05-13 11:30:18 +0530
Processing by Devise::RegistrationsController#new as HTML
  Rendered /home/bigc/.gem/ruby/2.0.0/gems/devise-3.2.4/app/views/devise/shared/_links.erb (0.4ms)
  Rendered /home/bigc/.gem/ruby/2.0.0/gems/devise-3.2.4/app/views/devise/registrations/new.html.erb within layouts/application (5.9ms)
Completed 200 OK in 14ms (Views: 11.6ms | ActiveRecord: 0.0ms)


Started POST "/users" for 127.0.0.1 at 2014-05-13 11:30:36 +0530
Processing by Devise::RegistrationsController#create as HTML
  Parameters: {"utf8"=>"✓", "authenticity_token"=>"QHk6add0a8Fy4ITNTF8W43CAeQx4pgKbUiLYLNQzrZU=", "user"=>{"email"=>"abhishekreddy.d@vasudhaika.net", "password"=>"[FILTERED]", "password_confirmation"=>"[FILTERED]"}, "commit"=>"Sign up"}
  [1m[36m (0.2ms)[0m  [1mBEGIN[0m
  [1m[35mUser Exists (0.6ms)[0m  SELECT 1 AS one FROM `users` WHERE `users`.`email` = BINARY 'abhishekreddy.d@vasudhaika.net' LIMIT 1
  [1m[36mSQL (0.3ms)[0m  [1mINSERT INTO `users` (`created_at`, `email`, `encrypted_password`, `updated_at`) VALUES ('2014-05-13 06:00:36', 'abhishekreddy.d@vasudhaika.net', '$2a$10$0N1POESoccrAoGIDL1PsHOXEuzwkAdw854e.GZosgV8hbyUwq3x9K', '2014-05-13 06:00:36')[0m
  [1m[35m (39.8ms)[0m  COMMIT
  [1m[36m (0.2ms)[0m  [1mBEGIN[0m
  [1m[35mSQL (0.6ms)[0m  UPDATE `users` SET `last_sign_in_at` = '2014-05-13 06:00:36', `current_sign_in_at` = '2014-05-13 06:00:36', `last_sign_in_ip` = '127.0.0.1', `current_sign_in_ip` = '127.0.0.1', `sign_in_count` = 1, `updated_at` = '2014-05-13 06:00:36' WHERE `users`.`id` = 1
  [1m[36m (25.4ms)[0m  [1mCOMMIT[0m
Redirected to http://localhost:3000/
Completed 302 Found in 214ms (ActiveRecord: 67.1ms)


Started GET "/" for 127.0.0.1 at 2014-05-13 11:30:36 +0530
Processing by Rails::WelcomeController#index as HTML
  Rendered /home/bigc/.gem/ruby/2.0.0/gems/railties-4.0.4/lib/rails/templates/rails/welcome/index.html.erb (0.5ms)
Completed 200 OK in 3ms (Views: 1.9ms | ActiveRecord: 0.0ms)


Started GET "/users/sigin_in" for 127.0.0.1 at 2014-05-13 11:30:45 +0530

ActionController::RoutingError (No route matches [GET] "/users/sigin_in"):
  actionpack (4.0.4) lib/action_dispatch/middleware/debug_exceptions.rb:21:in `call'
  actionpack (4.0.4) lib/action_dispatch/middleware/show_exceptions.rb:30:in `call'
  railties (4.0.4) lib/rails/rack/logger.rb:38:in `call_app'
  railties (4.0.4) lib/rails/rack/logger.rb:20:in `block in call'
  activesupport (4.0.4) lib/active_support/tagged_logging.rb:68:in `block in tagged'
  activesupport (4.0.4) lib/active_support/tagged_logging.rb:26:in `tagged'
  activesupport (4.0.4) lib/active_support/tagged_logging.rb:68:in `tagged'
  railties (4.0.4) lib/rails/rack/logger.rb:20:in `call'
  actionpack (4.0.4) lib/action_dispatch/middleware/request_id.rb:21:in `call'
  rack (1.5.2) lib/rack/methodoverride.rb:21:in `call'
  rack (1.5.2) lib/rack/runtime.rb:17:in `call'
  activesupport (4.0.4) lib/active_support/cache/strategy/local_cache.rb:83:in `call'
  rack (1.5.2) lib/rack/lock.rb:17:in `call'
  actionpack (4.0.4) lib/action_dispatch/middleware/static.rb:64:in `call'
  rack (1.5.2) lib/rack/sendfile.rb:112:in `call'
  railties (4.0.4) lib/rails/engine.rb:511:in `call'
  railties (4.0.4) lib/rails/application.rb:97:in `call'
  rack (1.5.2) lib/rack/lock.rb:17:in `call'
  rack (1.5.2) lib/rack/content_length.rb:14:in `call'
  rack (1.5.2) lib/rack/handler/webrick.rb:60:in `service'
  /home/bigc/.rubies/ruby-2.0.0-p353/lib/ruby/2.0.0/webrick/httpserver.rb:138:in `service'
  /home/bigc/.rubies/ruby-2.0.0-p353/lib/ruby/2.0.0/webrick/httpserver.rb:94:in `run'
  /home/bigc/.rubies/ruby-2.0.0-p353/lib/ruby/2.0.0/webrick/server.rb:295:in `block in start_thread'


  Rendered /home/bigc/.gem/ruby/2.0.0/gems/actionpack-4.0.4/lib/action_dispatch/middleware/templates/rescues/_trace.erb (0.8ms)
  Rendered /home/bigc/.gem/ruby/2.0.0/gems/actionpack-4.0.4/lib/action_dispatch/middleware/templates/routes/_route.html.erb (1.2ms)
  Rendered /home/bigc/.gem/ruby/2.0.0/gems/actionpack-4.0.4/lib/action_dispatch/middleware/templates/routes/_table.html.erb (0.8ms)
  Rendered /home/bigc/.gem/ruby/2.0.0/gems/actionpack-4.0.4/lib/action_dispatch/middleware/templates/rescues/routing_error.erb within rescues/layout (14.2ms)


Started GET "/users/sign_in" for 127.0.0.1 at 2014-05-13 11:30:49 +0530
Processing by Devise::SessionsController#new as HTML
  [1m[35mUser Load (0.5ms)[0m  SELECT `users`.* FROM `users` WHERE `users`.`id` = 1 ORDER BY `users`.`id` ASC LIMIT 1
Redirected to http://localhost:3000/
Filter chain halted as :require_no_authentication rendered or redirected
Completed 302 Found in 5ms (ActiveRecord: 0.5ms)


Started GET "/" for 127.0.0.1 at 2014-05-13 11:30:49 +0530
Processing by Rails::WelcomeController#index as HTML
  Rendered /home/bigc/.gem/ruby/2.0.0/gems/railties-4.0.4/lib/rails/templates/rails/welcome/index.html.erb (0.1ms)
Completed 200 OK in 2ms (Views: 1.1ms | ActiveRecord: 0.0ms)


Started GET "/users/sign_in" for 127.0.0.1 at 2014-05-13 11:30:59 +0530
Processing by Devise::SessionsController#new as HTML
  [1m[36mUser Load (0.2ms)[0m  [1mSELECT `users`.* FROM `users` WHERE `users`.`id` = 1 ORDER BY `users`.`id` ASC LIMIT 1[0m
Redirected to http://localhost:3000/
Filter chain halted as :require_no_authentication rendered or redirected
Completed 302 Found in 3ms (ActiveRecord: 0.2ms)


Started GET "/" for 127.0.0.1 at 2014-05-13 11:30:59 +0530
Processing by Rails::WelcomeController#index as HTML
  Rendered /home/bigc/.gem/ruby/2.0.0/gems/railties-4.0.4/lib/rails/templates/rails/welcome/index.html.erb (0.1ms)
Completed 200 OK in 3ms (Views: 2.4ms | ActiveRecord: 0.0ms)


Started GET "/users/sign_up" for 127.0.0.1 at 2014-05-13 11:31:08 +0530
Processing by Devise::RegistrationsController#new as HTML
  [1m[35mUser Load (0.3ms)[0m  SELECT `users`.* FROM `users` WHERE `users`.`id` = 1 ORDER BY `users`.`id` ASC LIMIT 1
Redirected to http://localhost:3000/
Filter chain halted as :require_no_authentication rendered or redirected
Completed 302 Found in 4ms (ActiveRecord: 0.3ms)


Started GET "/" for 127.0.0.1 at 2014-05-13 11:31:08 +0530
Processing by Rails::WelcomeController#index as HTML
  Rendered /home/bigc/.gem/ruby/2.0.0/gems/railties-4.0.4/lib/rails/templates/rails/welcome/index.html.erb (0.0ms)
Completed 200 OK in 1ms (Views: 1.0ms | ActiveRecord: 0.0ms)


Started GET "/users/sign_up" for 127.0.0.1 at 2014-05-13 11:31:21 +0530
Processing by Devise::RegistrationsController#new as HTML
  [1m[36mUser Load (0.3ms)[0m  [1mSELECT `users`.* FROM `users` WHERE `users`.`id` = 1 ORDER BY `users`.`id` ASC LIMIT 1[0m
Redirected to http://localhost:3000/
Filter chain halted as :require_no_authentication rendered or redirected
Completed 302 Found in 3ms (ActiveRecord: 0.3ms)


Started GET "/" for 127.0.0.1 at 2014-05-13 11:31:21 +0530
Processing by Rails::WelcomeController#index as HTML
  Rendered /home/bigc/.gem/ruby/2.0.0/gems/railties-4.0.4/lib/rails/templates/rails/welcome/index.html.erb (0.0ms)
Completed 200 OK in 1ms (Views: 1.0ms | ActiveRecord: 0.0ms)
